<?xml version="1.0" encoding="UTF-8"?>
<!-- Generated by org.testng.reporters.JUnitReportReporter -->
<testsuite skipped="0" hostname="DELL" name="Week5.WebInteraction" tests="2" failures="0" timestamp="15 Feb 2020 13:11:27 GMT" time="15.033" errors="0">
  <testcase name="login_OrangeHRM" time="15.006" classname="Week5.WebInteraction"/>
  <testcase name="loginHRM_GetTitle" time="0.027" classname="Week5.WebInteraction"/>
</testsuite> <!-- Week5.WebInteraction -->
