<?xml version="1.0" encoding="UTF-8"?>
<!-- Generated by org.testng.reporters.JUnitReportReporter -->
<testsuite skipped="0" hostname="DELL" name="Week5.Wait_Selenium" tests="1" failures="0" timestamp="15 Feb 2020 13:59:28 GMT" time="0.015" errors="0">
  <testcase name="f" time="0.015" classname="Week5.Wait_Selenium"/>
</testsuite> <!-- Week5.Wait_Selenium -->
