<?xml version="1.0" encoding="UTF-8"?>
<!-- Generated by org.testng.reporters.JUnitReportReporter -->
<testsuite skipped="0" hostname="DELL" name="Week4.FirstFlow" tests="2" failures="0" timestamp="09 Feb 2020 14:14:46 GMT" time="60.958" errors="0">
  <testcase name="pagetitle" time="10.548" classname="Week4.FirstFlow"/>
  <testcase name="LoginPageValidation" time="50.410" classname="Week4.FirstFlow"/>
</testsuite> <!-- Week4.FirstFlow -->
