<?xml version="1.0" encoding="UTF-8"?>
<!-- Generated by org.testng.reporters.JUnitReportReporter -->
<testsuite skipped="0" hostname="DELL" name="Week4.TestNGExamples" tests="1" failures="0" timestamp="08 Feb 2020 15:05:51 GMT" time="0.015" errors="0">
  <testcase name="f" time="0.015" classname="Week4.TestNGExamples"/>
</testsuite> <!-- Week4.TestNGExamples -->
