<?xml version="1.0" encoding="UTF-8"?>
<!-- Generated by org.testng.reporters.JUnitReportReporter -->
<testsuite skipped="0" hostname="DELL" name="Week6.FirstFlow" tests="1" failures="0" timestamp="22 Feb 2020 13:18:07 GMT" time="24.255" errors="0">
  <testcase name="LoginPageValidation" time="24.255" classname="Week6.FirstFlow"/>
</testsuite> <!-- Week6.FirstFlow -->
